#@description A list of vertex generators
#@key_label   "name"
#@meta_label  "type"

[name="experimental_hall_surface" type="genvtx::box_model_vg"]

#@config Vertex generation from the surface of the experimental hall

#@description Logging priority
logging.priority  : string = @variant(core:logging_priority|"notice")

#@description Geometry origin of vertex in term of geometry category and addresses (geom ID)
origin : string = "category='hall'"

#@description Generation mode ("surface" or "bulk")
mode   : string = "surface"

#@description Surface mode box back face activation
mode.surface.back   : boolean = true

#@description Surface mode box front face activation
mode.surface.front  : boolean = true

#@description Surface mode box bottom face activation
mode.surface.bottom : boolean = true

#@description Surface mode box top face activation
mode.surface.top    : boolean = true

#@description Surface mode box left face activation
mode.surface.left   : boolean = true

#@description Surface mode box right face activation
mode.surface.right  : boolean = true

[name="experimental_hall_bulk" type="genvtx::box_model_vg"]

#@config Vertex generation from the volume of the experimental hall

#@description Logging priority
logging.priority  : string = @variant(core:logging_priority|"notice")

#@description Geometry origin of vertex in term of geometry category and addresses (geom ID)
origin : string = "category='hall'"

#@description Generation mode ("surface" or "bulk")
mode   : string = "bulk"
