#@description A list of vertex generators
#@key_label   "name"
#@meta_label  "type"

[name="source_pads_internal_bulk" type="genvtx::box_model_vg"]

#@config Vertex generation from the bulk volume of the inner source pads

#@description Logging priority
logging.priority  : string = @variant(core:logging_priority|"warning")

#@description Geometry version requirement (not working with version lower than 2.0)
geometry.setup_requirement : string = "snemo::demonstrator(>=3)"

#@description Geometry origin of vertex in term of geometry category and addresses (geom ID)
origin : string = "category='source_strip' module={*} strip=[1;34]"

#@description Generation mode ("surface" or "bulk")
mode   : string = "bulk"

[name="source_pads_internal_surface" type="genvtx::box_model_vg"]

#@config Vertex generation from the surface of the inner source pads

#@description Logging priority
logging.priority  : string = @variant(core:logging_priority|"warning")

#@description Geometry version requirement (not working with version lower than 2.0)
geometry.setup_requirement : string = "snemo::demonstrator(>=3)"

#@description Geometry origin of vertex in term of geometry category and addresses (geom ID)
origin : string = "category='source_strip' module={*} strip=[1;34]"

#@description Generation mode ("surface" or "bulk")
mode   : string = "surface"

#@description Surface mode box back face activation
mode.surface.back  : boolean = true

#@description Surface mode box front face activation
mode.surface.front : boolean = true

[name="source_pads_external_bulk" type="genvtx::box_model_vg"]

#@config Vertex generation from the bulk volume of the outer source pads

#@description Logging priority
logging.priority  : string = @variant(core:logging_priority|"warning")

#@description Geometry version requirement (not working with version lower than 2.0)
geometry.setup_requirement : string = "snemo::demonstrator(>=3)"

#@description Geometry origin of vertex in term of geometry category and addresses (geom ID)
origin : string = "category='source_strip' module={*} strip={0;35}"

#@description Generation mode ("surface" or "bulk")
mode   : string = "bulk"

[name="source_pads_external_surface" type="genvtx::box_model_vg"]

#@config Vertex generation from the surface of the outer source pads

#@description Logging priority
logging.priority  : string = @variant(core:logging_priority|"warning")

#@description Geometry version requirement (not working with version lower than 2.0)
geometry.setup_requirement : string = "snemo::demonstrator(>=3)"

#@description Geometry origin of vertex in term of geometry category and addresses (geom ID)
origin : string = "category='source_strip' module={*} strip={0;35}"

#@description Generation mode ("surface" or "bulk")
mode   : string = "surface"

#@description Surface mode box back face activation
mode.surface.back  : boolean = true

#@description Surface mode box front face activation
mode.surface.front : boolean = true

[name="source_pads_bulk" type="genvtx::combined_vg"]

#@config Vertex generation from the bulk volume of the source pads

#@description Logging priority
logging.priority  : string = @variant(core:logging_priority|"warning")

#@description Geometry version requirement (not working with version lower than 2.0)
geometry.setup_requirement : string = "snemo::demonstrator(>=3)"

#@description Vertex generator names
generators : string[2]  = "source_pads_external_bulk" "source_pads_internal_bulk"

#@description Absolute weight of different generators
generators.source_pads_external_bulk.absolute_weight : real = 0.054
generators.source_pads_internal_bulk.absolute_weight : real = 1.0

[name="source_pads_surface" type="genvtx::combined_vg"]

#@config Vertex generation from the surface of the source pads

#@description Logging priority
logging.priority  : string = @variant(core:logging_priority|"warning")

#@description Geometry version requirement (not working with version lower than 2.0)
geometry.setup_requirement : string = "snemo::demonstrator(>=3)"

#@description Vertex generator names
generators : string[2] = \
  "source_pads_internal_surface" \
  "source_pads_external_surface"

#@description Absolute weight of different generators
generators.source_pads_external_surface.absolute_weight : real  = 0.054
generators.source_pads_internal_surface.absolute_weight : real  = 1.0
